# V2FREE 自动签到脚本 版本: 1.0
[2023-10-25 13:05:48,163] [INFO] a*******@d***.com 获得了 390MB 流量.
[2023-10-26 03:15:22,366] [INFO] n*********@h****.com 获得了 404MB 流量.
[2023-10-26 03:15:23,903] [INFO] k*********@h****.com 获得了 375MB 流量.
[2023-10-26 03:15:25,439] [INFO] h**@a***********.org 获得了 449MB 流量.
[2023-10-26 03:15:26,997] [INFO] v*******@d***.com 获得了 460MB 流量.
[2023-10-26 03:15:28,542] [INFO] a*******@d***.com 获得了 306MB 流量.
[2023-10-27 03:15:19,760] [INFO] n*********@h****.com 获得了 475MB 流量.
[2023-10-27 03:15:20,954] [INFO] k*********@h****.com 获得了 451MB 流量.
[2023-10-27 03:15:22,160] [INFO] h**@a***********.org 获得了 357MB 流量.
[2023-10-27 03:15:23,554] [INFO] v*******@d***.com 获得了 459MB 流量.
[2023-10-27 03:15:24,948] [INFO] a*******@d***.com 获得了 430MB 流量.
[2023-10-28 03:15:08,756] [INFO] n*********@h****.com 获得了 375MB 流量.
[2023-10-28 03:15:10,239] [INFO] k*********@h****.com 获得了 460MB 流量.
[2023-10-28 03:15:11,472] [INFO] h**@a***********.org 获得了 337MB 流量.
[2023-10-28 03:15:12,721] [INFO] v*******@d***.com 获得了 455MB 流量.
[2023-10-28 03:15:14,188] [INFO] a*******@d***.com 获得了 498MB 流量.
[2023-10-29 03:15:28,611] [INFO] n*********@h****.com 获得了 482MB 流量.
[2023-10-29 03:15:30,151] [INFO] k*********@h****.com 获得了 499MB 流量.
[2023-10-29 03:15:31,693] [INFO] h**@a***********.org 获得了 383MB 流量.
[2023-10-29 03:15:33,220] [INFO] v*******@d***.com 获得了 496MB 流量.
[2023-10-29 03:15:34,508] [INFO] a*******@d***.com 获得了 382MB 流量.
[2023-10-30 03:15:55,304] [INFO] n*********@h****.com 获得了 339MB 流量.
[2023-10-30 03:15:56,854] [INFO] k*********@h****.com 获得了 490MB 流量.
[2023-10-30 03:15:58,372] [INFO] h**@a***********.org 获得了 460MB 流量.
[2023-10-30 03:15:59,914] [INFO] v*******@d***.com 获得了 414MB 流量.
[2023-10-30 03:16:01,443] [INFO] a*******@d***.com 获得了 412MB 流量.
[2023-10-31 03:15:47,896] [INFO] n*********@h****.com 获得了 306MB 流量.
[2023-10-31 03:15:49,299] [INFO] k*********@h****.com 获得了 449MB 流量.
[2023-10-31 03:15:50,532] [INFO] h**@a***********.org 获得了 318MB 流量.
[2023-10-31 03:15:51,962] [INFO] v*******@d***.com 获得了 310MB 流量.
[2023-10-31 03:15:53,418] [INFO] a*******@d***.com 获得了 483MB 流量.
[2023-11-01 03:16:05,627] [INFO] n*********@h****.com 获得了 434MB 流量.
[2023-11-01 03:16:06,961] [INFO] k*********@h****.com 获得了 301MB 流量.
[2023-11-01 03:16:08,480] [INFO] h**@a***********.org 获得了 499MB 流量.
[2023-11-01 03:16:09,777] [INFO] v*******@d***.com 获得了 400MB 流量.
[2023-11-01 03:16:11,070] [INFO] a*******@d***.com 获得了 358MB 流量.
[2023-11-02 03:15:59,500] [INFO] n*********@h****.com 获得了 394MB 流量.
[2023-11-02 03:16:01,381] [INFO] k*********@h****.com 获得了 489MB 流量.
[2023-11-02 03:16:03,267] [INFO] h**@a***********.org 获得了 302MB 流量.
[2023-11-02 03:16:05,218] [INFO] v*******@d***.com 获得了 387MB 流量.
[2023-11-02 03:16:06,914] [INFO] a*******@d***.com 获得了 435MB 流量.
[2023-11-03 03:15:39,846] [INFO] n*********@h****.com 获得了 466MB 流量.
[2023-11-03 03:15:41,355] [INFO] k*********@h****.com 获得了 402MB 流量.
[2023-11-03 03:15:42,890] [INFO] h**@a***********.org 获得了 439MB 流量.
[2023-11-03 03:15:44,183] [INFO] v*******@d***.com 获得了 468MB 流量.
[2023-11-03 03:15:45,688] [INFO] a*******@d***.com 获得了 321MB 流量.
[2023-11-04 03:15:24,687] [INFO] n*********@h****.com 获得了 401MB 流量.
[2023-11-04 03:15:26,266] [INFO] k*********@h****.com 获得了 433MB 流量.
[2023-11-04 03:15:27,840] [INFO] h**@a***********.org 获得了 461MB 流量.
[2023-11-04 03:15:29,455] [INFO] v*******@d***.com 获得了 496MB 流量.
[2023-11-04 03:15:31,020] [INFO] a*******@d***.com 获得了 435MB 流量.
[2023-11-05 03:17:40,649] [INFO] n*********@h****.com 获得了 385MB 流量.
[2023-11-05 03:17:42,064] [INFO] k*********@h****.com 获得了 494MB 流量.
[2023-11-05 03:17:43,487] [INFO] h**@a***********.org 获得了 491MB 流量.
[2023-11-05 03:17:44,734] [INFO] v*******@d***.com 获得了 336MB 流量.
[2023-11-05 03:17:46,162] [INFO] a*******@d***.com 获得了 426MB 流量.
[2023-11-06 03:16:04,936] [INFO] n*********@h****.com 获得了 444MB 流量.
[2023-11-06 03:16:06,456] [INFO] k*********@h****.com 获得了 429MB 流量.
[2023-11-06 03:16:07,753] [INFO] h**@a***********.org 获得了 350MB 流量.
[2023-11-06 03:16:09,323] [INFO] v*******@d***.com 获得了 378MB 流量.
[2023-11-06 03:16:11,909] [INFO] a*******@d***.com 获得了 381MB 流量.
[2023-11-07 03:15:55,392] [INFO] n*********@h****.com 获得了 320MB 流量.
[2023-11-07 03:15:57,021] [INFO] k*********@h****.com 获得了 363MB 流量.
[2023-11-07 03:15:58,622] [INFO] h**@a***********.org 获得了 465MB 流量.
[2023-11-07 03:16:00,360] [INFO] v*******@d***.com 获得了 429MB 流量.
[2023-11-07 03:16:02,342] [INFO] a*******@d***.com 获得了 306MB 流量.
[2023-11-08 03:15:53,286] [INFO] n*********@h****.com 获得了 309MB 流量.
[2023-11-08 03:15:55,073] [INFO] k*********@h****.com 获得了 490MB 流量.
[2023-11-08 03:15:56,804] [INFO] h**@a***********.org 获得了 342MB 流量.
[2023-11-08 03:15:58,588] [INFO] v*******@d***.com 获得了 347MB 流量.
[2023-11-08 03:16:00,333] [INFO] a*******@d***.com 获得了 479MB 流量.
[2023-11-09 03:15:33,425] [INFO] n*********@h****.com 获得了 312MB 流量.
[2023-11-09 03:15:34,690] [INFO] k*********@h****.com 获得了 357MB 流量.
[2023-11-09 03:15:36,169] [INFO] h**@a***********.org 获得了 433MB 流量.
[2023-11-09 03:15:37,464] [INFO] v*******@d***.com 获得了 340MB 流量.
[2023-11-09 03:15:38,954] [INFO] a*******@d***.com 获得了 375MB 流量.
[2023-11-10 03:15:56,903] [INFO] n*********@h****.com 获得了 348MB 流量.
[2023-11-10 03:15:58,662] [INFO] k*********@h****.com 获得了 445MB 流量.
[2023-11-10 03:16:00,430] [INFO] h**@a***********.org 获得了 405MB 流量.
[2023-11-10 03:16:02,177] [INFO] v*******@d***.com 获得了 382MB 流量.
[2023-11-10 03:16:03,964] [INFO] a*******@d***.com 获得了 436MB 流量.
[2023-11-11 03:17:21,182] [INFO] n*********@h****.com 获得了 363MB 流量.
[2023-11-11 03:17:23,135] [INFO] k*********@h****.com 获得了 345MB 流量.
[2023-11-11 03:17:25,230] [INFO] h**@a***********.org 获得了 312MB 流量.
[2023-11-11 03:17:27,115] [INFO] v*******@d***.com 获得了 343MB 流量.
[2023-11-11 03:17:28,896] [INFO] a*******@d***.com 获得了 308MB 流量.
[2023-11-12 03:15:25,581] [INFO] n*********@h****.com 获得了 494MB 流量.
[2023-11-12 03:15:27,454] [INFO] k*********@h****.com 获得了 439MB 流量.
[2023-11-12 03:15:29,048] [INFO] h**@a***********.org 获得了 375MB 流量.
[2023-11-12 03:15:30,945] [INFO] v*******@d***.com 获得了 342MB 流量.
[2023-11-12 03:15:32,908] [INFO] a*******@d***.com 获得了 353MB 流量.
[2023-11-13 03:16:03,141] [INFO] n*********@h****.com 获得了 421MB 流量.
[2023-11-13 03:16:04,941] [INFO] k*********@h****.com 获得了 454MB 流量.
[2023-11-13 03:16:06,770] [INFO] h**@a***********.org 获得了 371MB 流量.
[2023-11-13 03:16:08,577] [INFO] v*******@d***.com 获得了 326MB 流量.
[2023-11-13 03:16:10,349] [INFO] a*******@d***.com 获得了 415MB 流量.
[2023-11-14 03:16:09,535] [INFO] n*********@h****.com 获得了 344MB 流量.
[2023-11-14 03:16:11,406] [INFO] k*********@h****.com 获得了 351MB 流量.
[2023-11-14 03:16:13,054] [INFO] h**@a***********.org 获得了 452MB 流量.
[2023-11-14 03:16:14,971] [INFO] v*******@d***.com 获得了 459MB 流量.
[2023-11-14 03:16:16,890] [INFO] a*******@d***.com 获得了 448MB 流量.
[2023-11-15 03:16:21,939] [INFO] n*********@h****.com 获得了 404MB 流量.
[2023-11-15 03:16:23,789] [INFO] k*********@h****.com 获得了 310MB 流量.
[2023-11-15 03:16:25,639] [INFO] h**@a***********.org 获得了 404MB 流量.
[2023-11-15 03:16:27,463] [INFO] v*******@d***.com 获得了 496MB 流量.
[2023-11-15 03:16:29,326] [INFO] a*******@d***.com 获得了 430MB 流量.
[2023-11-16 03:16:40,071] [INFO] n*********@h****.com 获得了 444MB 流量.
[2023-11-16 03:16:42,425] [INFO] k*********@h****.com 获得了 408MB 流量.
[2023-11-16 03:16:43,871] [INFO] h**@a***********.org 获得了 452MB 流量.
[2023-11-16 03:16:44,947] [INFO] v*******@d***.com 获得了 432MB 流量.
[2023-11-16 03:16:46,310] [INFO] a*******@d***.com 获得了 391MB 流量.
[2023-11-17 00:47:22,847] [INFO] 6***@l****.tech 您似乎已经签到过了...
[2023-11-17 06:33:38,565] [INFO] 6***@l****.tech 您似乎已经签到过了...
[2023-11-18 06:30:07,906] [INFO] 6***@l****.tech 获得了 482MB 流量.
[2023-11-19 06:30:14,888] [INFO] 6***@l****.tech 获得了 413MB 流量.
[2023-11-20 06:34:43,043] [INFO] 6***@l****.tech 获得了 461MB 流量.
[2023-11-20 10:03:37,039] [INFO] 6***@l****.tech 您似乎已经签到过了...
[2023-11-20 10:03:38,482] [INFO] 1***@l****.tech 获得了 415MB 流量.
[2023-11-20 10:03:57,826] [INFO] 6***@l****.tech 您似乎已经签到过了...
[2023-11-20 10:03:59,047] [INFO] 1***@l****.tech 您似乎已经签到过了...
[2023-11-21 06:33:01,235] [INFO] 6***@l****.tech 获得了 430MB 流量.
[2023-11-21 06:33:02,698] [INFO] 1***@l****.tech 获得了 491MB 流量.
[2023-11-22 06:33:59,035] [INFO] 6***@l****.tech 获得了 452MB 流量.
[2023-11-22 06:34:00,586] [INFO] 1***@l****.tech 获得了 369MB 流量.
[2023-11-23 06:31:58,738] [INFO] 6***@l****.tech 获得了 330MB 流量.
[2023-11-23 06:32:00,191] [INFO] 1***@l****.tech 获得了 479MB 流量.
[2023-11-24 06:31:53,949] [INFO] 6***@l****.tech 获得了 363MB 流量.
[2023-11-24 06:31:55,197] [INFO] 1***@l****.tech 您似乎已经签到过了...
[2023-11-25 06:29:50,709] [INFO] 6***@l****.tech 获得了 429MB 流量.
[2023-11-25 06:29:52,152] [INFO] 1***@l****.tech 获得了 305MB 流量.
[2023-11-26 02:17:54,182] [INFO] 6***@l****.tech 获得了 489MB 流量.
[2023-11-26 02:17:55,679] [INFO] 1***@l****.tech 获得了 401MB 流量.
[2023-11-27 02:31:12,914] [INFO] 6***@l****.tech 获得了 445MB 流量.
[2023-11-27 02:31:14,111] [INFO] 1***@l****.tech 获得了 435MB 流量.
[2023-11-28 02:18:00,012] [INFO] 6***@l****.tech 获得了 462MB 流量.
[2023-11-28 02:18:01,036] [INFO] 1***@l****.tech 获得了 301MB 流量.
[2023-11-29 02:16:53,863] [INFO] 6***@l****.tech 获得了 497MB 流量.
[2023-11-29 02:16:55,339] [INFO] 1***@l****.tech 获得了 379MB 流量.
[2023-11-30 02:16:49,752] [INFO] 6***@l****.tech 获得了 447MB 流量.
[2023-11-30 02:16:50,777] [INFO] 1***@l****.tech 获得了 413MB 流量.
[2023-12-01 02:23:50,596] [INFO] 6***@l****.tech 获得了 437MB 流量.
[2023-12-01 02:23:52,070] [INFO] 1***@l****.tech 获得了 497MB 流量.
[2023-12-02 02:05:44,128] [INFO] 6***@l****.tech 获得了 401MB 流量.
[2023-12-02 02:05:45,618] [INFO] 1***@l****.tech 获得了 484MB 流量.
[2023-12-03 02:17:36,352] [INFO] 6***@l****.tech 获得了 479MB 流量.
[2023-12-03 02:17:37,751] [INFO] 1***@l****.tech 获得了 490MB 流量.
[2023-12-04 02:19:07,876] [INFO] 6***@l****.tech 获得了 355MB 流量.
[2023-12-04 02:19:09,106] [INFO] 1***@l****.tech 获得了 382MB 流量.
[2023-12-05 02:18:25,487] [INFO] 6***@l****.tech 获得了 372MB 流量.
[2023-12-05 02:18:26,948] [INFO] 1***@l****.tech 获得了 418MB 流量.
[2023-12-06 02:17:39,459] [INFO] 6***@l****.tech 获得了 473MB 流量.
[2023-12-06 02:17:40,639] [INFO] 1***@l****.tech 获得了 411MB 流量.
[2023-12-07 02:17:52,076] [INFO] 6***@l****.tech 获得了 314MB 流量.
[2023-12-07 02:17:53,337] [INFO] 1***@l****.tech 获得了 433MB 流量.
[2023-12-08 02:18:11,132] [INFO] 6***@l****.tech 获得了 460MB 流量.
[2023-12-08 02:18:12,606] [INFO] 1***@l****.tech 获得了 346MB 流量.
[2023-12-09 02:09:00,610] [INFO] 6***@l****.tech 获得了 328MB 流量.
[2023-12-09 02:09:02,067] [INFO] 1***@l****.tech 获得了 302MB 流量.
[2023-12-10 02:19:40,255] [INFO] 6***@l****.tech 获得了 486MB 流量.
[2023-12-10 02:19:41,524] [INFO] 1***@l****.tech 获得了 372MB 流量.
[2023-12-11 02:18:11,359] [INFO] 6***@l****.tech 获得了 445MB 流量.
[2023-12-11 02:18:12,787] [INFO] 1***@l****.tech 获得了 396MB 流量.
[2023-12-12 02:18:43,731] [INFO] 6***@l****.tech 获得了 377MB 流量.
[2023-12-12 02:18:44,983] [INFO] 1***@l****.tech 获得了 371MB 流量.
[2023-12-13 02:18:11,282] [INFO] 6***@l****.tech 获得了 301MB 流量.
[2023-12-13 02:18:12,812] [INFO] 1***@l****.tech 获得了 459MB 流量.
[2023-12-14 02:16:29,567] [INFO] 6***@l****.tech 获得了 315MB 流量.
[2023-12-14 02:16:30,816] [INFO] 1***@l****.tech 获得了 445MB 流量.
[2023-12-15 02:18:41,060] [INFO] 6***@l****.tech 获得了 386MB 流量.
[2023-12-15 02:18:42,524] [INFO] 1***@l****.tech 获得了 430MB 流量.
[2023-12-16 02:09:44,258] [INFO] 6***@l****.tech 获得了 377MB 流量.
[2023-12-16 02:09:45,778] [INFO] 1***@l****.tech 获得了 300MB 流量.
[2023-12-17 01:33:41,251] [INFO] 6***@l****.tech 获得了 372MB 流量.
[2023-12-17 01:33:42,290] [INFO] 1***@l****.tech 获得了 486MB 流量.
[2023-12-18 01:24:06,922] [INFO] 6***@l****.tech 获得了 491MB 流量.
[2023-12-18 01:24:08,415] [INFO] 1***@l****.tech 获得了 495MB 流量.
[2023-12-19 01:22:48,650] [INFO] 6***@l****.tech 获得了 467MB 流量.
[2023-12-19 01:22:50,172] [INFO] 1***@l****.tech 获得了 390MB 流量.
[2023-12-20 01:08:04,585] [INFO] 6***@l****.tech 获得了 342MB 流量.
[2023-12-20 01:08:06,051] [INFO] 1***@l****.tech 获得了 377MB 流量.
[2023-12-21 01:22:03,622] [INFO] 6***@l****.tech 获得了 425MB 流量.
[2023-12-21 01:22:05,148] [INFO] 1***@l****.tech 获得了 334MB 流量.
